<?xml version="1.0" encoding="UTF-8"?><testrun name="CreateAccountTest" project="project_webapp_testing" tests="1" started="1" failures="1" errors="0" ignored="0">
  <testsuite name="CreateAccountButton.tests.CreateAccountTest" time="0.742" displayname="CreateAccountTest" uniqueid="[engine:junit-vintage]/[runner:CreateAccountButton.tests.CreateAccountTest]">
    <testcase name="testCreateAccount" classname="CreateAccountButton.tests.CreateAccountTest" time="0.742" displayname="testCreateAccount" uniqueid="[engine:junit-vintage]/[runner:CreateAccountButton.tests.CreateAccountTest]/[test:testCreateAccount(CreateAccountButton.tests.CreateAccountTest)]">
      <failure>org.opentest4j.MultipleFailuresError: Multiple Failures (2 failures)&#13;
	org.openqa.selenium.WebDriverException: unknown error: cannot find Chrome binary
Build info: version: '3.141.59', revision: 'e82be7d358', time: '2018-11-14T08:25:53'
System info: host: 'DESKTOP-58759AM', ip: '192.168.1.3', os.name: 'Windows 10', os.arch: 'amd64', os.version: '10.0', java.version: '17.0.8.1'
Driver info: driver.version: ChromeDriver
remote stacktrace: 	GetHandleVerifier [0x00007FF7C1E34D02+56194]
	(No symbol) [0x00007FF7C1DA04B2]
	(No symbol) [0x00007FF7C1C476AA]
	(No symbol) [0x00007FF7C1C796C0]
	(No symbol) [0x00007FF7C1C77DC2]
	(No symbol) [0x00007FF7C1CC0954]
	(No symbol) [0x00007FF7C1CB5C23]
	(No symbol) [0x00007FF7C1C84A45]
	(No symbol) [0x00007FF7C1C85AD4]
	GetHandleVerifier [0x00007FF7C21AD5BB+3695675]
	GetHandleVerifier [0x00007FF7C2206197+4059159]
	GetHandleVerifier [0x00007FF7C21FDF63+4025827]
	GetHandleVerifier [0x00007FF7C1ECF029+687785]
	(No symbol) [0x00007FF7C1DAB508]
	(No symbol) [0x00007FF7C1DA7564]
	(No symbol) [0x00007FF7C1DA76E9]
	(No symbol) [0x00007FF7C1D98094]
	BaseThreadInitThunk [0x00007FF954587344+20]
	RtlUserThreadStart [0x00007FF955CC26B1+33]
&#13;
	java.lang.NullPointerException: Cannot invoke "org.openqa.selenium.WebDriver.quit()" because "this.driver" is null&#13;
	at org.junit.vintage.engine.execution.TestRun.getStoredResultOrSuccessful(TestRun.java:200)&#13;
	at org.junit.vintage.engine.execution.RunListenerAdapter.fireExecutionFinished(RunListenerAdapter.java:248)&#13;
	at org.junit.vintage.engine.execution.RunListenerAdapter.testFinished(RunListenerAdapter.java:214)&#13;
	at org.junit.vintage.engine.execution.RunListenerAdapter.testFinished(RunListenerAdapter.java:88)&#13;
	at org.junit.runner.notification.SynchronizedRunListener.testFinished(SynchronizedRunListener.java:87)&#13;
	at org.junit.runner.notification.RunNotifier$9.notifyListener(RunNotifier.java:225)&#13;
	at org.junit.runner.notification.RunNotifier$SafeNotifier.run(RunNotifier.java:72)&#13;
	at org.junit.runner.notification.RunNotifier.fireTestFinished(RunNotifier.java:222)&#13;
	at org.junit.internal.runners.model.EachTestNotifier.fireTestFinished(EachTestNotifier.java:38)&#13;
	at org.junit.runners.ParentRunner.runLeaf(ParentRunner.java:372)&#13;
	at org.junit.runners.BlockJUnit4ClassRunner.runChild(BlockJUnit4ClassRunner.java:103)&#13;
	at org.junit.runners.BlockJUnit4ClassRunner.runChild(BlockJUnit4ClassRunner.java:63)&#13;
	at org.junit.runners.ParentRunner$4.run(ParentRunner.java:331)&#13;
	at org.junit.runners.ParentRunner$1.schedule(ParentRunner.java:79)&#13;
	at org.junit.runners.ParentRunner.runChildren(ParentRunner.java:329)&#13;
	at org.junit.runners.ParentRunner.access$100(ParentRunner.java:66)&#13;
	at org.junit.runners.ParentRunner$2.evaluate(ParentRunner.java:293)&#13;
	at org.junit.runners.ParentRunner$3.evaluate(ParentRunner.java:306)&#13;
	at org.junit.runners.ParentRunner.run(ParentRunner.java:413)&#13;
	at org.junit.runner.JUnitCore.run(JUnitCore.java:137)&#13;
	at org.junit.runner.JUnitCore.run(JUnitCore.java:115)&#13;
	at org.junit.vintage.engine.execution.RunnerExecutor.execute(RunnerExecutor.java:42)&#13;
	at org.junit.vintage.engine.VintageTestEngine.executeAllChildren(VintageTestEngine.java:80)&#13;
	at org.junit.vintage.engine.VintageTestEngine.execute(VintageTestEngine.java:72)&#13;
	at org.junit.platform.launcher.core.EngineExecutionOrchestrator.execute(EngineExecutionOrchestrator.java:147)&#13;
	at org.junit.platform.launcher.core.EngineExecutionOrchestrator.execute(EngineExecutionOrchestrator.java:127)&#13;
	at org.junit.platform.launcher.core.EngineExecutionOrchestrator.execute(EngineExecutionOrchestrator.java:90)&#13;
	at org.junit.platform.launcher.core.EngineExecutionOrchestrator.lambda$execute$0(EngineExecutionOrchestrator.java:55)&#13;
	at org.junit.platform.launcher.core.EngineExecutionOrchestrator.withInterceptedStreams(EngineExecutionOrchestrator.java:102)&#13;
	at org.junit.platform.launcher.core.EngineExecutionOrchestrator.execute(EngineExecutionOrchestrator.java:54)&#13;
	at org.junit.platform.launcher.core.DefaultLauncher.execute(DefaultLauncher.java:114)&#13;
	at org.junit.platform.launcher.core.DefaultLauncher.execute(DefaultLauncher.java:95)&#13;
	at org.junit.platform.launcher.core.DefaultLauncherSession$DelegatingLauncher.execute(DefaultLauncherSession.java:91)&#13;
	at org.junit.platform.launcher.core.SessionPerRequestLauncher.execute(SessionPerRequestLauncher.java:60)&#13;
	at org.eclipse.jdt.internal.junit5.runner.JUnit5TestReference.run(JUnit5TestReference.java:98)&#13;
	at org.eclipse.jdt.internal.junit.runner.TestExecution.run(TestExecution.java:40)&#13;
	at org.eclipse.jdt.internal.junit.runner.RemoteTestRunner.runTests(RemoteTestRunner.java:529)&#13;
	at org.eclipse.jdt.internal.junit.runner.RemoteTestRunner.runTests(RemoteTestRunner.java:756)&#13;
	at org.eclipse.jdt.internal.junit.runner.RemoteTestRunner.run(RemoteTestRunner.java:452)&#13;
	at org.eclipse.jdt.internal.junit.runner.RemoteTestRunner.main(RemoteTestRunner.java:210)&#13;
	Suppressed: org.openqa.selenium.WebDriverException: unknown error: cannot find Chrome binary
Build info: version: '3.141.59', revision: 'e82be7d358', time: '2018-11-14T08:25:53'
System info: host: 'DESKTOP-58759AM', ip: '192.168.1.3', os.name: 'Windows 10', os.arch: 'amd64', os.version: '10.0', java.version: '17.0.8.1'
Driver info: driver.version: ChromeDriver
remote stacktrace: 	GetHandleVerifier [0x00007FF7C1E34D02+56194]
	(No symbol) [0x00007FF7C1DA04B2]
	(No symbol) [0x00007FF7C1C476AA]
	(No symbol) [0x00007FF7C1C796C0]
	(No symbol) [0x00007FF7C1C77DC2]
	(No symbol) [0x00007FF7C1CC0954]
	(No symbol) [0x00007FF7C1CB5C23]
	(No symbol) [0x00007FF7C1C84A45]
	(No symbol) [0x00007FF7C1C85AD4]
	GetHandleVerifier [0x00007FF7C21AD5BB+3695675]
	GetHandleVerifier [0x00007FF7C2206197+4059159]
	GetHandleVerifier [0x00007FF7C21FDF63+4025827]
	GetHandleVerifier [0x00007FF7C1ECF029+687785]
	(No symbol) [0x00007FF7C1DAB508]
	(No symbol) [0x00007FF7C1DA7564]
	(No symbol) [0x00007FF7C1DA76E9]
	(No symbol) [0x00007FF7C1D98094]
	BaseThreadInitThunk [0x00007FF954587344+20]
	RtlUserThreadStart [0x00007FF955CC26B1+33]
&#13;
		at java.base/jdk.internal.reflect.NativeConstructorAccessorImpl.newInstance0(Native Method)&#13;
		at java.base/jdk.internal.reflect.NativeConstructorAccessorImpl.newInstance(NativeConstructorAccessorImpl.java:77)&#13;
		at java.base/jdk.internal.reflect.DelegatingConstructorAccessorImpl.newInstance(DelegatingConstructorAccessorImpl.java:45)&#13;
		at java.base/java.lang.reflect.Constructor.newInstanceWithCaller(Constructor.java:499)&#13;
		at java.base/java.lang.reflect.Constructor.newInstance(Constructor.java:480)&#13;
		at org.openqa.selenium.remote.W3CHandshakeResponse.lambda$errorHandler$0(W3CHandshakeResponse.java:62)&#13;
		at org.openqa.selenium.remote.HandshakeResponse.lambda$getResponseFunction$0(HandshakeResponse.java:30)&#13;
		at org.openqa.selenium.remote.ProtocolHandshake.lambda$createSession$0(ProtocolHandshake.java:126)&#13;
		at java.base/java.util.stream.ReferencePipeline$3$1.accept(ReferencePipeline.java:197)&#13;
		at java.base/java.util.Spliterators$ArraySpliterator.tryAdvance(Spliterators.java:1002)&#13;
		at java.base/java.util.stream.ReferencePipeline.forEachWithCancel(ReferencePipeline.java:129)&#13;
		at java.base/java.util.stream.AbstractPipeline.copyIntoWithCancel(AbstractPipeline.java:527)&#13;
		at java.base/java.util.stream.AbstractPipeline.copyInto(AbstractPipeline.java:513)&#13;
		at java.base/java.util.stream.AbstractPipeline.wrapAndCopyInto(AbstractPipeline.java:499)&#13;
		at java.base/java.util.stream.FindOps$FindOp.evaluateSequential(FindOps.java:150)&#13;
		at java.base/java.util.stream.AbstractPipeline.evaluate(AbstractPipeline.java:234)&#13;
		at java.base/java.util.stream.ReferencePipeline.findFirst(ReferencePipeline.java:647)&#13;
		at org.openqa.selenium.remote.ProtocolHandshake.createSession(ProtocolHandshake.java:128)&#13;
		at org.openqa.selenium.remote.ProtocolHandshake.createSession(ProtocolHandshake.java:74)&#13;
		at org.openqa.selenium.remote.HttpCommandExecutor.execute(HttpCommandExecutor.java:136)&#13;
		at org.openqa.selenium.remote.service.DriverCommandExecutor.execute(DriverCommandExecutor.java:83)&#13;
		at org.openqa.selenium.remote.RemoteWebDriver.execute(RemoteWebDriver.java:552)&#13;
		at org.openqa.selenium.remote.RemoteWebDriver.startSession(RemoteWebDriver.java:213)&#13;
		at org.openqa.selenium.remote.RemoteWebDriver.&lt;init&gt;(RemoteWebDriver.java:131)&#13;
		at org.openqa.selenium.chrome.ChromeDriver.&lt;init&gt;(ChromeDriver.java:181)&#13;
		at org.openqa.selenium.chrome.ChromeDriver.&lt;init&gt;(ChromeDriver.java:168)&#13;
		at org.openqa.selenium.chrome.ChromeDriver.&lt;init&gt;(ChromeDriver.java:123)&#13;
		at CreateAccountButton.tests.CreateAccountTest.setUp(CreateAccountTest.java:24)&#13;
		at java.base/jdk.internal.reflect.NativeMethodAccessorImpl.invoke0(Native Method)&#13;
		at java.base/jdk.internal.reflect.NativeMethodAccessorImpl.invoke(NativeMethodAccessorImpl.java:77)&#13;
		at java.base/jdk.internal.reflect.DelegatingMethodAccessorImpl.invoke(DelegatingMethodAccessorImpl.java:43)&#13;
		at java.base/java.lang.reflect.Method.invoke(Method.java:568)&#13;
		at org.junit.runners.model.FrameworkMethod$1.runReflectiveCall(FrameworkMethod.java:59)&#13;
		at org.junit.internal.runners.model.ReflectiveCallable.run(ReflectiveCallable.java:12)&#13;
		at org.junit.runners.model.FrameworkMethod.invokeExplosively(FrameworkMethod.java:56)&#13;
		at org.junit.internal.runners.statements.RunBefores.invokeMethod(RunBefores.java:33)&#13;
		at org.junit.internal.runners.statements.RunBefores.evaluate(RunBefores.java:24)&#13;
		at org.junit.internal.runners.statements.RunAfters.evaluate(RunAfters.java:27)&#13;
		at org.junit.runners.ParentRunner$3.evaluate(ParentRunner.java:306)&#13;
		at org.junit.runners.BlockJUnit4ClassRunner$1.evaluate(BlockJUnit4ClassRunner.java:100)&#13;
		at org.junit.runners.ParentRunner.runLeaf(ParentRunner.java:366)&#13;
		... 30 more&#13;
	Suppressed: java.lang.NullPointerException: Cannot invoke "org.openqa.selenium.WebDriver.quit()" because "this.driver" is null&#13;
		at CreateAccountButton.tests.CreateAccountTest.tearDown(CreateAccountTest.java:44)&#13;
		at java.base/jdk.internal.reflect.NativeMethodAccessorImpl.invoke0(Native Method)&#13;
		at java.base/jdk.internal.reflect.NativeMethodAccessorImpl.invoke(NativeMethodAccessorImpl.java:77)&#13;
		at java.base/jdk.internal.reflect.DelegatingMethodAccessorImpl.invoke(DelegatingMethodAccessorImpl.java:43)&#13;
		at java.base/java.lang.reflect.Method.invoke(Method.java:568)&#13;
		at org.junit.runners.model.FrameworkMethod$1.runReflectiveCall(FrameworkMethod.java:59)&#13;
		at org.junit.internal.runners.model.ReflectiveCallable.run(ReflectiveCallable.java:12)&#13;
		at org.junit.runners.model.FrameworkMethod.invokeExplosively(FrameworkMethod.java:56)&#13;
		at org.junit.internal.runners.statements.RunAfters.invokeMethod(RunAfters.java:46)&#13;
		at org.junit.internal.runners.statements.RunAfters.evaluate(RunAfters.java:33)&#13;
		at org.junit.runners.ParentRunner$3.evaluate(ParentRunner.java:306)&#13;
		at org.junit.runners.BlockJUnit4ClassRunner$1.evaluate(BlockJUnit4ClassRunner.java:100)&#13;
		at org.junit.runners.ParentRunner.runLeaf(ParentRunner.java:366)&#13;
		... 30 more&#13;
&#13;
</failure>
    </testcase>
  </testsuite>
</testrun>
